<?xml version="1.0" encoding="UTF-8" ?>
<testsuite tests="4" failures="0" name="de.hrw.swep.biblio.persistence.DAOTest" time="0.652" errors="0" skipped="0">
  <properties>
[...]
</properties>
  <testcase classname="de.hrw.swep.biblio.persistence.DAOTest" name="testGetBenutzerByName" time="0.54"/>
  <testcase classname="de.hrw.swep.biblio.persistence.DAOTest" name="testGetBuchByAutor" time="0.037"/>
  <testcase classname="de.hrw.swep.biblio.persistence.DAOTest" name="testGetBuchByTitle" time="0.039"/>
  <testcase classname="de.hrw.swep.biblio.persistence.DAOTest" name="testGetUserById" time="0.036"/>
</testsuite>